# JRE version: Java(TM) SE Runtime Environment (8.0_111-b14) (build 1.8.0_111-b14)
# Java VM: Java HotSpot(TM) 64-Bit Server VM (25.111-b14 mixed mode linux-amd64 compressed oops)
Heap:
 PSYoungGen      total 68608K, used 36436K [0x00000000d7400000, 0x00000000dfa00000, 0x0000000100000000)
  eden space 63488K, 49% used [0x00000000d7400000,0x00000000d92ae1b0,0x00000000db200000)
  from space 5120K, 98% used [0x00000000db200000,0x00000000db6e7048,0x00000000db700000)
  to   space 5120K, 0% used [0x00000000df500000,0x00000000df500000,0x00000000dfa00000)
 ParOldGen       total 84992K, used 4664K [0x0000000085c00000, 0x000000008af00000, 0x00000000d7400000)
  object space 84992K, 5% used [0x0000000085c00000,0x000000008608e230,0x000000008af00000)
 Metaspace       used 13933K, capacity 14006K, committed 14080K, reserved 1062912K
  class space    used 1217K, capacity 1233K, committed 1280K, reserved 1048576K
GC Heap History (6 events):
Event: 0.405 GC heap before
{Heap before GC invocations=1 (full 0):
 PSYoungGen      total 36864K, used 31744K [0x00000000d7400000, 0x00000000d9d00000, 0x0000000100000000)
  eden space 31744K, 100% used [0x00000000d7400000,0x00000000d9300000,0x00000000d9300000)
  from space 5120K, 0% used [0x00000000d9800000,0x00000000d9800000,0x00000000d9d00000)
  to   space 5120K, 0% used [0x00000000d9300000,0x00000000d9300000,0x00000000d9800000)
 ParOldGen       total 84992K, used 0K [0x0000000085c00000, 0x000000008af00000, 0x00000000d7400000)
  object space 84992K, 0% used [0x0000000085c00000,0x0000000085c00000,0x000000008af00000)
 Metaspace       used 8772K, capacity 8886K, committed 9088K, reserved 1056768K
  class space    used 812K, capacity 849K, committed 896K, reserved 1048576K
Event: 0.410 GC heap after
Heap after GC invocations=1 (full 0):
 PSYoungGen      total 36864K, used 5119K [0x00000000d7400000, 0x00000000dbc00000, 0x0000000100000000)
  eden space 31744K, 0% used [0x00000000d7400000,0x00000000d7400000,0x00000000d9300000)
  from space 5120K, 99% used [0x00000000d9300000,0x00000000d97ffe58,0x00000000d9800000)
  to   space 5120K, 0% used [0x00000000db700000,0x00000000db700000,0x00000000dbc00000)
 ParOldGen       total 84992K, used 2117K [0x0000000085c00000, 0x000000008af00000, 0x00000000d7400000)
  object space 84992K, 2% used [0x0000000085c00000,0x0000000085e11790,0x000000008af00000)
 Metaspace       used 8772K, capacity 8886K, committed 9088K, reserved 1056768K
  class space    used 812K, capacity 849K, committed 896K, reserved 1048576K
}
Event: 0.670 GC heap before
{Heap before GC invocations=2 (full 0):
 PSYoungGen      total 36864K, used 36863K [0x00000000d7400000, 0x00000000dbc00000, 0x0000000100000000)
  eden space 31744K, 100% used [0x00000000d7400000,0x00000000d9300000,0x00000000d9300000)
  from space 5120K, 99% used [0x00000000d9300000,0x00000000d97ffe58,0x00000000d9800000)
  to   space 5120K, 0% used [0x00000000db700000,0x00000000db700000,0x00000000dbc00000)
 ParOldGen       total 84992K, used 2117K [0x0000000085c00000, 0x000000008af00000, 0x00000000d7400000)
  object space 84992K, 2% used [0x0000000085c00000,0x0000000085e11790,0x000000008af00000)
 Metaspace       used 12767K, capacity 12822K, committed 13056K, reserved 1060864K
  class space    used 1169K, capacity 1201K, committed 1280K, reserved 1048576K
Event: 0.675 GC heap after
Heap after GC invocations=2 (full 0):
 PSYoungGen      total 68608K, used 5109K [0x00000000d7400000, 0x00000000dbc00000, 0x0000000100000000)
  eden space 63488K, 0% used [0x00000000d7400000,0x00000000d7400000,0x00000000db200000)
  from space 5120K, 99% used [0x00000000db700000,0x00000000dbbfd6c8,0x00000000dbc00000)
  to   space 5120K, 0% used [0x00000000db200000,0x00000000db200000,0x00000000db700000)
 ParOldGen       total 84992K, used 4656K [0x0000000085c00000, 0x000000008af00000, 0x00000000d7400000)
  object space 84992K, 5% used [0x0000000085c00000,0x000000008608c230,0x000000008af00000)
 Metaspace       used 12767K, capacity 12822K, committed 13056K, reserved 1060864K
  class space    used 1169K, capacity 1201K, committed 1280K, reserved 1048576K
}
Event: 0.976 GC heap before
{Heap before GC invocations=3 (full 0):
 PSYoungGen      total 68608K, used 68597K [0x00000000d7400000, 0x00000000dbc00000, 0x0000000100000000)
  eden space 63488K, 100% used [0x00000000d7400000,0x00000000db200000,0x00000000db200000)
  from space 5120K, 99% used [0x00000000db700000,0x00000000dbbfd6c8,0x00000000dbc00000)
  to   space 5120K, 0% used [0x00000000db200000,0x00000000db200000,0x00000000db700000)
 ParOldGen       total 84992K, used 4656K [0x0000000085c00000, 0x000000008af00000, 0x00000000d7400000)
  object space 84992K, 5% used [0x0000000085c00000,0x000000008608c230,0x000000008af00000)
 Metaspace       used 13582K, capacity 13686K, committed 13824K, reserved 1062912K
  class space    used 1198K, capacity 1233K, committed 1280K, reserved 1048576K
Event: 0.981 GC heap after
Heap after GC invocations=3 (full 0):
 PSYoungGen      total 68608K, used 5020K [0x00000000d7400000, 0x00000000dfa00000, 0x0000000100000000)
  eden space 63488K, 0% used [0x00000000d7400000,0x00000000d7400000,0x00000000db200000)
  from space 5120K, 98% used [0x00000000db200000,0x00000000db6e7048,0x00000000db700000)
  to   space 5120K, 0% used [0x00000000df500000,0x00000000df500000,0x00000000dfa00000)
 ParOldGen       total 84992K, used 4664K [0x0000000085c00000, 0x000000008af00000, 0x00000000d7400000)
  object space 84992K, 5% used [0x0000000085c00000,0x000000008608e230,0x000000008af00000)
 Metaspace       used 13582K, capacity 13686K, committed 13824K, reserved 1062912K
  class space    used 1198K, capacity 1233K, committed 1280K, reserved 1048576K
}

