# JRE version: Java(TM) SE Runtime Environment (8.0_111-b14) (build 1.8.0_111-b14)
# Java VM: Java HotSpot(TM) 64-Bit Server VM (25.111-b14 mixed mode linux-amd64 compressed oops)
Heap:
 PSYoungGen      total 68608K, used 36633K [0x00000000d7400000, 0x00000000dfa00000, 0x0000000100000000)
  eden space 63488K, 49% used [0x00000000d7400000,0x00000000d92cb468,0x00000000db200000)
  from space 5120K, 99% used [0x00000000db200000,0x00000000db6fb070,0x00000000db700000)
  to   space 5120K, 0% used [0x00000000df500000,0x00000000df500000,0x00000000dfa00000)
 ParOldGen       total 84992K, used 6818K [0x0000000085c00000, 0x000000008af00000, 0x00000000d7400000)
  object space 84992K, 8% used [0x0000000085c00000,0x00000000862a8800,0x000000008af00000)
 Metaspace       used 14031K, capacity 14134K, committed 14336K, reserved 1062912K
  class space    used 1217K, capacity 1233K, committed 1280K, reserved 1048576K
GC Heap History (6 events):
Event: 0.400 GC heap before
{Heap before GC invocations=1 (full 0):
 PSYoungGen      total 36864K, used 31744K [0x00000000d7400000, 0x00000000d9d00000, 0x0000000100000000)
  eden space 31744K, 100% used [0x00000000d7400000,0x00000000d9300000,0x00000000d9300000)
  from space 5120K, 0% used [0x00000000d9800000,0x00000000d9800000,0x00000000d9d00000)
  to   space 5120K, 0% used [0x00000000d9300000,0x00000000d9300000,0x00000000d9800000)
 ParOldGen       total 84992K, used 0K [0x0000000085c00000, 0x000000008af00000, 0x00000000d7400000)
  object space 84992K, 0% used [0x0000000085c00000,0x0000000085c00000,0x000000008af00000)
 Metaspace       used 8697K, capacity 8822K, committed 9088K, reserved 1056768K
  class space    used 804K, capacity 849K, committed 896K, reserved 1048576K
Event: 0.405 GC heap after
Heap after GC invocations=1 (full 0):
 PSYoungGen      total 36864K, used 5099K [0x00000000d7400000, 0x00000000dbc00000, 0x0000000100000000)
  eden space 31744K, 0% used [0x00000000d7400000,0x00000000d7400000,0x00000000d9300000)
  from space 5120K, 99% used [0x00000000d9300000,0x00000000d97fac30,0x00000000d9800000)
  to   space 5120K, 0% used [0x00000000db700000,0x00000000db700000,0x00000000dbc00000)
 ParOldGen       total 84992K, used 2119K [0x0000000085c00000, 0x000000008af00000, 0x00000000d7400000)
  object space 84992K, 2% used [0x0000000085c00000,0x0000000085e11ec8,0x000000008af00000)
 Metaspace       used 8697K, capacity 8822K, committed 9088K, reserved 1056768K
  class space    used 804K, capacity 849K, committed 896K, reserved 1048576K
}
Event: 0.715 GC heap before
{Heap before GC invocations=2 (full 0):
 PSYoungGen      total 36864K, used 36843K [0x00000000d7400000, 0x00000000dbc00000, 0x0000000100000000)
  eden space 31744K, 100% used [0x00000000d7400000,0x00000000d9300000,0x00000000d9300000)
  from space 5120K, 99% used [0x00000000d9300000,0x00000000d97fac30,0x00000000d9800000)
  to   space 5120K, 0% used [0x00000000db700000,0x00000000db700000,0x00000000dbc00000)
 ParOldGen       total 84992K, used 2119K [0x0000000085c00000, 0x000000008af00000, 0x00000000d7400000)
  object space 84992K, 2% used [0x0000000085c00000,0x0000000085e11ec8,0x000000008af00000)
 Metaspace       used 12938K, capacity 13014K, committed 13312K, reserved 1060864K
  class space    used 1164K, capacity 1201K, committed 1280K, reserved 1048576K
Event: 0.722 GC heap after
Heap after GC invocations=2 (full 0):
 PSYoungGen      total 68608K, used 5114K [0x00000000d7400000, 0x00000000dbc00000, 0x0000000100000000)
  eden space 63488K, 0% used [0x00000000d7400000,0x00000000d7400000,0x00000000db200000)
  from space 5120K, 99% used [0x00000000db700000,0x00000000dbbfeb18,0x00000000dbc00000)
  to   space 5120K, 0% used [0x00000000db200000,0x00000000db200000,0x00000000db700000)
 ParOldGen       total 84992K, used 6011K [0x0000000085c00000, 0x000000008af00000, 0x00000000d7400000)
  object space 84992K, 7% used [0x0000000085c00000,0x00000000861dec10,0x000000008af00000)
 Metaspace       used 12938K, capacity 13014K, committed 13312K, reserved 1060864K
  class space    used 1164K, capacity 1201K, committed 1280K, reserved 1048576K
}
Event: 1.023 GC heap before
{Heap before GC invocations=3 (full 0):
 PSYoungGen      total 68608K, used 68602K [0x00000000d7400000, 0x00000000dbc00000, 0x0000000100000000)
  eden space 63488K, 100% used [0x00000000d7400000,0x00000000db200000,0x00000000db200000)
  from space 5120K, 99% used [0x00000000db700000,0x00000000dbbfeb18,0x00000000dbc00000)
  to   space 5120K, 0% used [0x00000000db200000,0x00000000db200000,0x00000000db700000)
 ParOldGen       total 84992K, used 6011K [0x0000000085c00000, 0x000000008af00000, 0x00000000d7400000)
  object space 84992K, 7% used [0x0000000085c00000,0x00000000861dec10,0x000000008af00000)
 Metaspace       used 13718K, capacity 13814K, committed 14080K, reserved 1062912K
  class space    used 1197K, capacity 1233K, committed 1280K, reserved 1048576K
Event: 1.036 GC heap after
Heap after GC invocations=3 (full 0):
 PSYoungGen      total 68608K, used 5100K [0x00000000d7400000, 0x00000000dfa00000, 0x0000000100000000)
  eden space 63488K, 0% used [0x00000000d7400000,0x00000000d7400000,0x00000000db200000)
  from space 5120K, 99% used [0x00000000db200000,0x00000000db6fb070,0x00000000db700000)
  to   space 5120K, 0% used [0x00000000df500000,0x00000000df500000,0x00000000dfa00000)
 ParOldGen       total 84992K, used 6818K [0x0000000085c00000, 0x000000008af00000, 0x00000000d7400000)
  object space 84992K, 8% used [0x0000000085c00000,0x00000000862a8800,0x000000008af00000)
 Metaspace       used 13718K, capacity 13814K, committed 14080K, reserved 1062912K
  class space    used 1197K, capacity 1233K, committed 1280K, reserved 1048576K
}

